<?xml version="1.0" encoding="UTF-8"?>
<testsuite xmlns:xsi="http://www.w3.org/2001/XMLSchema-instance" xsi:noNamespaceSchemaLocation="https://maven.apache.org/surefire/maven-surefire-plugin/xsd/surefire-test-report.xsd" name="com.telefonica.futr.dao.test.repository.extension.WorkpWorkRepositoryTestTest" time="11.619" tests="2" errors="0" skipped="0" failures="0">
  <properties>
[...]
</properties>
  <testcase name="findWorkByWOCode_CodeWO_StringIdWO_BigDecimalPage_PageableTest" classname="com.telefonica.futr.dao.test.repository.extension.WorkpWorkRepositoryTestTest" time="0.776"/>
  <testcase name="findWorkByCode_CodeWork_StringTest" classname="com.telefonica.futr.dao.test.repository.extension.WorkpWorkRepositoryTestTest" time="0.167"/>
</testsuite>